<?xml version="1.0" encoding="UTF-8" ?>
<testsuites errors="1"
            failures="1"
            tests="3">

  <testsuite name="demoTests"
    errors="1" failures="1" hostname="" id="" package="demoTests" skipped="0"
    tests="3" time="76.01" timestamp="">
  
    <testcase name="Demo login test to test arena" classname="demoTests" time="2.017" assertions="2">

    

    
    </testcase>
  
    <testcase name="Demo not proper login test to test arena" classname="demoTests" time="2.297" assertions="3">

    

    

    
    </testcase>
  
    <testcase name="Logout test" classname="demoTests" time="33.69" assertions="1">  <failure message="Expected element &lt;#head-top &gt; div.top_right &gt; div.header_logout &gt; a &gt; span&gt; to be visible - element was not found - expected &#34;visible&#34; but got: &#34;not found&#34; (30205ms)">    at Logout test (C:\Krzysiek\Szkolenia\JavaScript Dla Testerów oprogramowania\JavaScript-for-testers\tests\demoTests.js:53:18)</failure>
<system-out>[[ATTACHMENT|C:\Krzysiek\Szkolenia\JavaScript Dla Testerów oprogramowania\JavaScript-for-testers\screenshots\demoTests\Logout-test_FAILED_Jul-24-2024-153955-GMT+0200.png]]</system-out>
    
    <error message="Unable to locate element: #head-top &gt; div.top_right &gt; div.header_logout &gt; a &gt; span using css selector" type="error"><![CDATA[
    NoSuchElementError: Unable to locate element: #head-top &gt; div.top_right &gt; div.header_logout &gt; a &gt; span using css selector
    at throwDecodedError (C:\Krzysiek\Szkolenia\JavaScript Dla Testerów oprogramowania\JavaScript-for-testers\node_modules\selenium-webdriver\lib\error.js:521:15)
    at ChromeDriver.handleErrorResponse (C:\Krzysiek\Szkolenia\JavaScript Dla Testerów oprogramowania\JavaScript-for-testers\node_modules\nightwatch\lib\transport\selenium-webdriver\index.js:400:7)
    at TransportActions.makeResult (C:\Krzysiek\Szkolenia\JavaScript Dla Testerów oprogramowania\JavaScript-for-testers\node_modules\nightwatch\lib\transport\selenium-webdriver\actions.js:85:20)
    at Object.locateMultipleElements (C:\Krzysiek\Szkolenia\JavaScript Dla Testerów oprogramowania\JavaScript-for-testers\node_modules\nightwatch\lib\transport\selenium-webdriver\actions.js:71:21)
    at process.processTicksAndRejections (node:internal/process/task_queues:95:5)
    at async LocateElement.findElement (C:\Krzysiek\Szkolenia\JavaScript Dla Testerów oprogramowania\JavaScript-for-testers\node_modules\nightwatch\lib\element\locator.js:167:20)
    ]]></error>
    
    </testcase>
  

  
    <system-err>
       NoSuchElementError
   Unable to locate element: #head-top &gt; div.top_right &gt; div.header_logout &gt; a &gt; span using css selector

    Try fixing by :
    1. Please inspect the html before the step
    2. Verify if an element with the mentioned selector is present in the DOM tree
    </system-err>
  

    

  
  </testsuite>
</testsuites>
